[2025-06-22T18:51:04.629+0000] {taskinstance.py:1957} INFO - Dependencies all met for dep_context=non-requeueable deps ti=<TaskInstance: polygon_data_pipeline.fetch_ticker_details manual__2025-06-22T18:41:01.641700+00:00 [queued]>
[2025-06-22T18:51:04.633+0000] {taskinstance.py:1957} INFO - Dependencies all met for dep_context=requeueable deps ti=<TaskInstance: polygon_data_pipeline.fetch_ticker_details manual__2025-06-22T18:41:01.641700+00:00 [queued]>
[2025-06-22T18:51:04.633+0000] {taskinstance.py:2171} INFO - Starting attempt 3 of 3
[2025-06-22T18:51:04.641+0000] {taskinstance.py:2192} INFO - Executing <Task(PythonOperator): fetch_ticker_details> on 2025-06-22 18:41:01.641700+00:00
[2025-06-22T18:51:04.643+0000] {standard_task_runner.py:60} INFO - Started process 407 to run task
[2025-06-22T18:51:04.645+0000] {standard_task_runner.py:87} INFO - Running: ['***', 'tasks', 'run', 'polygon_data_pipeline', 'fetch_ticker_details', 'manual__2025-06-22T18:41:01.641700+00:00', '--job-id', '18', '--raw', '--subdir', 'DAGS_FOLDER/polygon_data_pipeline.py', '--cfg-path', '/tmp/tmp645ir_6y']
[2025-06-22T18:51:04.647+0000] {standard_task_runner.py:88} INFO - Job 18: Subtask fetch_ticker_details
[2025-06-22T18:51:04.673+0000] {task_command.py:423} INFO - Running <TaskInstance: polygon_data_pipeline.fetch_ticker_details manual__2025-06-22T18:41:01.641700+00:00 [running]> on host d592ca41c3d5
[2025-06-22T18:51:04.715+0000] {taskinstance.py:2481} INFO - Exporting env vars: AIRFLOW_CTX_DAG_OWNER='quant-team' AIRFLOW_CTX_DAG_ID='polygon_data_pipeline' AIRFLOW_CTX_TASK_ID='fetch_ticker_details' AIRFLOW_CTX_EXECUTION_DATE='2025-06-22T18:41:01.641700+00:00' AIRFLOW_CTX_TRY_NUMBER='3' AIRFLOW_CTX_DAG_RUN_ID='manual__2025-06-22T18:41:01.641700+00:00'
[2025-06-22T18:51:04.876+0000] {polygon_data_pipeline.py:317} INFO - Fetched details for AAPL: Apple Inc.
[2025-06-22T18:51:05.000+0000] {polygon_data_pipeline.py:317} INFO - Fetched details for GOOGL: Alphabet Inc. Class A Common Stock
[2025-06-22T18:51:05.098+0000] {polygon_data_pipeline.py:317} INFO - Fetched details for MSFT: Microsoft Corp
[2025-06-22T18:51:05.220+0000] {polygon_data_pipeline.py:317} INFO - Fetched details for TSLA: Tesla, Inc. Common Stock
[2025-06-22T18:51:05.339+0000] {polygon_data_pipeline.py:317} INFO - Fetched details for AMZN: Amazon.Com Inc
[2025-06-22T18:51:05.435+0000] {polygon_data_pipeline.py:317} INFO - Fetched details for NVDA: Nvidia Corp
[2025-06-22T18:51:05.547+0000] {polygon_data_pipeline.py:317} INFO - Fetched details for META: Meta Platforms, Inc. Class A Common Stock
[2025-06-22T18:51:05.655+0000] {polygon_data_pipeline.py:317} INFO - Fetched details for SPY: SPDR S&P 500 ETF Trust
[2025-06-22T18:51:05.668+0000] {polygon_data_pipeline.py:332} INFO - Stored 8 ticker detail records
[2025-06-22T18:51:05.669+0000] {python.py:201} INFO - Done. Returned value was: 8
[2025-06-22T18:51:05.680+0000] {taskinstance.py:1138} INFO - Marking task as SUCCESS. dag_id=polygon_data_pipeline, task_id=fetch_ticker_details, execution_date=20250622T184101, start_date=20250622T185104, end_date=20250622T185105
[2025-06-22T18:51:05.727+0000] {local_task_job_runner.py:234} INFO - Task exited with return code 0
[2025-06-22T18:51:05.742+0000] {taskinstance.py:3281} INFO - 0 downstream tasks scheduled from follow-on schedule check
