[2025-06-22T18:55:58.207+0000] {taskinstance.py:1957} INFO - Dependencies all met for dep_context=non-requeueable deps ti=<TaskInstance: polygon_data_pipeline.fetch_ticker_details manual__2025-06-22T18:55:56.259060+00:00 [queued]>
[2025-06-22T18:55:58.211+0000] {taskinstance.py:1957} INFO - Dependencies all met for dep_context=requeueable deps ti=<TaskInstance: polygon_data_pipeline.fetch_ticker_details manual__2025-06-22T18:55:56.259060+00:00 [queued]>
[2025-06-22T18:55:58.213+0000] {taskinstance.py:2171} INFO - Starting attempt 1 of 3
[2025-06-22T18:55:58.218+0000] {taskinstance.py:2192} INFO - Executing <Task(PythonOperator): fetch_ticker_details> on 2025-06-22 18:55:56.259060+00:00
[2025-06-22T18:55:58.221+0000] {standard_task_runner.py:60} INFO - Started process 628 to run task
[2025-06-22T18:55:58.223+0000] {standard_task_runner.py:87} INFO - Running: ['***', 'tasks', 'run', 'polygon_data_pipeline', 'fetch_ticker_details', 'manual__2025-06-22T18:55:56.259060+00:00', '--job-id', '24', '--raw', '--subdir', 'DAGS_FOLDER/polygon_data_pipeline.py', '--cfg-path', '/tmp/tmpw040njjp']
[2025-06-22T18:55:58.225+0000] {standard_task_runner.py:88} INFO - Job 24: Subtask fetch_ticker_details
[2025-06-22T18:55:58.253+0000] {task_command.py:423} INFO - Running <TaskInstance: polygon_data_pipeline.fetch_ticker_details manual__2025-06-22T18:55:56.259060+00:00 [running]> on host d592ca41c3d5
[2025-06-22T18:55:58.295+0000] {taskinstance.py:2481} INFO - Exporting env vars: AIRFLOW_CTX_DAG_OWNER='quant-team' AIRFLOW_CTX_DAG_ID='polygon_data_pipeline' AIRFLOW_CTX_TASK_ID='fetch_ticker_details' AIRFLOW_CTX_EXECUTION_DATE='2025-06-22T18:55:56.259060+00:00' AIRFLOW_CTX_TRY_NUMBER='1' AIRFLOW_CTX_DAG_RUN_ID='manual__2025-06-22T18:55:56.259060+00:00'
[2025-06-22T18:55:58.543+0000] {polygon_data_pipeline.py:344} INFO - Fetched details for AAPL: Apple Inc.
[2025-06-22T18:55:58.668+0000] {polygon_data_pipeline.py:344} INFO - Fetched details for GOOGL: Alphabet Inc. Class A Common Stock
[2025-06-22T18:55:58.792+0000] {polygon_data_pipeline.py:344} INFO - Fetched details for MSFT: Microsoft Corp
[2025-06-22T18:55:58.910+0000] {polygon_data_pipeline.py:344} INFO - Fetched details for TSLA: Tesla, Inc. Common Stock
[2025-06-22T18:55:59.012+0000] {polygon_data_pipeline.py:344} INFO - Fetched details for AMZN: Amazon.Com Inc
[2025-06-22T18:55:59.129+0000] {polygon_data_pipeline.py:344} INFO - Fetched details for NVDA: Nvidia Corp
[2025-06-22T18:55:59.240+0000] {polygon_data_pipeline.py:344} INFO - Fetched details for META: Meta Platforms, Inc. Class A Common Stock
[2025-06-22T18:55:59.368+0000] {polygon_data_pipeline.py:344} INFO - Fetched details for SPY: SPDR S&P 500 ETF Trust
[2025-06-22T18:55:59.382+0000] {taskinstance.py:2699} ERROR - Task failed with exception
Traceback (most recent call last):
  File "/home/airflow/.local/lib/python3.11/site-packages/sqlalchemy/engine/base.py", line 1910, in _execute_context
    self.dialect.do_execute(
  File "/home/airflow/.local/lib/python3.11/site-packages/sqlalchemy/engine/default.py", line 736, in do_execute
    cursor.execute(statement, parameters)
psycopg2.errors.UniqueViolation: duplicate key value violates unique constraint "ticker_details_ticker_key"
DETAIL:  Key (ticker)=(AAPL) already exists.


The above exception was the direct cause of the following exception:

Traceback (most recent call last):
  File "/home/airflow/.local/lib/python3.11/site-packages/airflow/models/taskinstance.py", line 433, in _execute_task
    result = execute_callable(context=context, **execute_callable_kwargs)
             ^^^^^^^^^^^^^^^^^^^^^^^^^^^^^^^^^^^^^^^^^^^^^^^^^^^^^^^^^^^^
  File "/home/airflow/.local/lib/python3.11/site-packages/airflow/operators/python.py", line 199, in execute
    return_value = self.execute_callable()
                   ^^^^^^^^^^^^^^^^^^^^^^^
  File "/home/airflow/.local/lib/python3.11/site-packages/airflow/operators/python.py", line 216, in execute_callable
    return self.python_callable(*self.op_args, **self.op_kwargs)
           ^^^^^^^^^^^^^^^^^^^^^^^^^^^^^^^^^^^^^^^^^^^^^^^^^^^^^
  File "/opt/airflow/dags/polygon_data_pipeline.py", line 356, in fetch_ticker_details
    df.to_sql('ticker_details', engine, schema='market_data',
  File "/home/airflow/.local/lib/python3.11/site-packages/pandas/util/_decorators.py", line 333, in wrapper
    return func(*args, **kwargs)
           ^^^^^^^^^^^^^^^^^^^^^
  File "/home/airflow/.local/lib/python3.11/site-packages/pandas/core/generic.py", line 3008, in to_sql
    return sql.to_sql(
           ^^^^^^^^^^^
  File "/home/airflow/.local/lib/python3.11/site-packages/pandas/io/sql.py", line 788, in to_sql
    return pandas_sql.to_sql(
           ^^^^^^^^^^^^^^^^^^
  File "/home/airflow/.local/lib/python3.11/site-packages/pandas/io/sql.py", line 1958, in to_sql
    total_inserted = sql_engine.insert_records(
                     ^^^^^^^^^^^^^^^^^^^^^^^^^^
  File "/home/airflow/.local/lib/python3.11/site-packages/pandas/io/sql.py", line 1507, in insert_records
    raise err
  File "/home/airflow/.local/lib/python3.11/site-packages/pandas/io/sql.py", line 1498, in insert_records
    return table.insert(chunksize=chunksize, method=method)
           ^^^^^^^^^^^^^^^^^^^^^^^^^^^^^^^^^^^^^^^^^^^^^^^^
  File "/home/airflow/.local/lib/python3.11/site-packages/pandas/io/sql.py", line 1059, in insert
    num_inserted = exec_insert(conn, keys, chunk_iter)
                   ^^^^^^^^^^^^^^^^^^^^^^^^^^^^^^^^^^^
  File "/home/airflow/.local/lib/python3.11/site-packages/pandas/io/sql.py", line 967, in _execute_insert_multi
    result = conn.execute(stmt)
             ^^^^^^^^^^^^^^^^^^
  File "/home/airflow/.local/lib/python3.11/site-packages/sqlalchemy/engine/base.py", line 1385, in execute
    return meth(self, multiparams, params, _EMPTY_EXECUTION_OPTS)
           ^^^^^^^^^^^^^^^^^^^^^^^^^^^^^^^^^^^^^^^^^^^^^^^^^^^^^^
  File "/home/airflow/.local/lib/python3.11/site-packages/sqlalchemy/sql/elements.py", line 334, in _execute_on_connection
    return connection._execute_clauseelement(
           ^^^^^^^^^^^^^^^^^^^^^^^^^^^^^^^^^^
  File "/home/airflow/.local/lib/python3.11/site-packages/sqlalchemy/engine/base.py", line 1577, in _execute_clauseelement
    ret = self._execute_context(
          ^^^^^^^^^^^^^^^^^^^^^^
  File "/home/airflow/.local/lib/python3.11/site-packages/sqlalchemy/engine/base.py", line 1953, in _execute_context
    self._handle_dbapi_exception(
  File "/home/airflow/.local/lib/python3.11/site-packages/sqlalchemy/engine/base.py", line 2134, in _handle_dbapi_exception
    util.raise_(
  File "/home/airflow/.local/lib/python3.11/site-packages/sqlalchemy/util/compat.py", line 211, in raise_
    raise exception
  File "/home/airflow/.local/lib/python3.11/site-packages/sqlalchemy/engine/base.py", line 1910, in _execute_context
    self.dialect.do_execute(
  File "/home/airflow/.local/lib/python3.11/site-packages/sqlalchemy/engine/default.py", line 736, in do_execute
    cursor.execute(statement, parameters)
sqlalchemy.exc.IntegrityError: (psycopg2.errors.UniqueViolation) duplicate key value violates unique constraint "ticker_details_ticker_key"
DETAIL:  Key (ticker)=(AAPL) already exists.

[SQL: INSERT INTO market_data.ticker_details (ticker, name, market, locale, primary_exchange, type, currency_name, market_cap, share_class_outstanding, weighted_shares_outstanding, description, homepage_url, total_employees) VALUES (%(ticker_m0)s, %(name_m0)s, %(market_m0)s, %(locale_m0)s, %(primary_exchange_m0)s, %(type_m0)s, %(currency_name_m0)s, %(market_cap_m0)s, %(share_class_outstanding_m0)s, %(weighted_shares_outstanding_m0)s, %(description_m0)s, %(homepage_url_m0)s, %(total_employees_m0)s), (%(ticker_m1)s, %(name_m1)s, %(market_m1)s, %(locale_m1)s, %(primary_exchange_m1)s, %(type_m1)s, %(currency_name_m1)s, %(market_cap_m1)s, %(share_class_outstanding_m1)s, %(weighted_shares_outstanding_m1)s, %(description_m1)s, %(homepage_url_m1)s, %(total_employees_m1)s), (%(ticker_m2)s, %(name_m2)s, %(market_m2)s, %(locale_m2)s, %(primary_exchange_m2)s, %(type_m2)s, %(currency_name_m2)s, %(market_cap_m2)s, %(share_class_outstanding_m2)s, %(weighted_shares_outstanding_m2)s, %(description_m2)s, %(homepage_url_m2)s, %(total_employees_m2)s), (%(ticker_m3)s, %(name_m3)s, %(market_m3)s, %(locale_m3)s, %(primary_exchange_m3)s, %(type_m3)s, %(currency_name_m3)s, %(market_cap_m3)s, %(share_class_outstanding_m3)s, %(weighted_shares_outstanding_m3)s, %(description_m3)s, %(homepage_url_m3)s, %(total_employees_m3)s), (%(ticker_m4)s, %(name_m4)s, %(market_m4)s, %(locale_m4)s, %(primary_exchange_m4)s, %(type_m4)s, %(currency_name_m4)s, %(market_cap_m4)s, %(share_class_outstanding_m4)s, %(weighted_shares_outstanding_m4)s, %(description_m4)s, %(homepage_url_m4)s, %(total_employees_m4)s), (%(ticker_m5)s, %(name_m5)s, %(market_m5)s, %(locale_m5)s, %(primary_exchange_m5)s, %(type_m5)s, %(currency_name_m5)s, %(market_cap_m5)s, %(share_class_outstanding_m5)s, %(weighted_shares_outstanding_m5)s, %(description_m5)s, %(homepage_url_m5)s, %(total_employees_m5)s), (%(ticker_m6)s, %(name_m6)s, %(market_m6)s, %(locale_m6)s, %(primary_exchange_m6)s, %(type_m6)s, %(currency_name_m6)s, %(market_cap_m6)s, %(share_class_outstanding_m6)s, %(weighted_shares_outstanding_m6)s, %(description_m6)s, %(homepage_url_m6)s, %(total_employees_m6)s), (%(ticker_m7)s, %(name_m7)s, %(market_m7)s, %(locale_m7)s, %(primary_exchange_m7)s, %(type_m7)s, %(currency_name_m7)s, %(market_cap_m7)s, %(share_class_outstanding_m7)s, %(weighted_shares_outstanding_m7)s, %(description_m7)s, %(homepage_url_m7)s, %(total_employees_m7)s)]
[parameters: {'ticker_m0': 'AAPL', 'name_m0': 'Apple Inc.', 'market_m0': 'stocks', 'locale_m0': 'us', 'primary_exchange_m0': 'XNAS', 'type_m0': 'CS', 'currency_name_m0': 'usd', 'market_cap_m0': 2963566594920.0, 'share_class_outstanding_m0': None, 'weighted_shares_outstanding_m0': 14935826000.0, 'description_m0': "Apple is among the largest companies in the world, with a broad portfolio of hardware and software products targeted at consumers and businesses. App ... (471 characters truncated) ... an half of Apple's sales come directly through its flagship stores, with a majority of sales coming indirectly through partnerships and distribution.", 'homepage_url_m0': 'https://www.apple.com', 'total_employees_m0': 164000.0, 'ticker_m1': 'GOOGL', 'name_m1': 'Alphabet Inc. Class A Common Stock', 'market_m1': 'stocks', 'locale_m1': 'us', 'primary_exchange_m1': 'XNAS', 'type_m1': 'CS', 'currency_name_m1': 'usd', 'market_cap_m1': 2145059979523.12, 'share_class_outstanding_m1': None, 'weighted_shares_outstanding_m1': 12134751256.0, 'description_m1': "Alphabet is a holding company that wholly owns internet giant Google. The California-based company derives slightly less than 90% of its revenue from ... (454 characters truncated) ...  investments in up-and-coming technologies such as self-driving cars (Waymo), health (Verily), and internet access (Google Fiber) making up the rest.", 'homepage_url_m1': 'https://www.abc.xyz', 'total_employees_m1': 185719.0, 'ticker_m2': 'MSFT', 'name_m2': 'Microsoft Corp', 'market_m2': 'stocks', 'locale_m2': 'us', 'primary_exchange_m2': 'XNAS', 'type_m2': 'CS', 'currency_name_m2': 'usd', 'market_cap_m2': 3561229067476.1, 'share_class_outstanding_m2': None, 'weighted_shares_outstanding_m2': 7432543865.0, 'description_m2': 'Microsoft develops and licenses consumer and enterprise software. It is known for its Windows operating systems and Office productivity suite. The co ... (287 characters truncated) ... er OS, SQL Server), and more personal computing (Windows Client, Xbox, Bing search, display advertising, and Surface laptops, tablets, and desktops).', 'homepage_url_m2': 'https://www.microsoft.com', 'total_employees_m2': 228000.0, 'ticker_m3': 'TSLA', 'name_m3': 'Tesla, Inc. Common Stock', 'market_m3': 'stocks', 'locale_m3': 'us', 'primary_exchange_m3': 'XNAS', 'type_m3': 'CS', 'currency_name_m3': 'usd', 'market_cap_m3': 1060113317726.4299, 'share_class_outstanding_m3': None, 'weighted_shares_outstanding_m3': 3220956211.0, 'description_m3': 'Tesla is a vertically integrated battery electric vehicle automaker and developer of autonomous driving software. The company has multiple vehicles i ... (335 characters truncated) ... ential and commercial properties including utilities and solar panels and solar roofs for energy generation. Tesla also owns a fast-charging network.', 'homepage_url_m3': 'https://www.tesla.com', 'total_employees_m3': 125665.0, 'ticker_m4': 'AMZN', 'name_m4': 'Amazon.Com Inc', 'market_m4': 'stocks', 'locale_m4': 'us', 'primary_exchange_m4': 'XNAS', 'type_m4': 'CS', 'currency_name_m4': 'usd', 'market_cap_m4': 2294193755152.6997, 'share_class_outstanding_m4': None, 'weighted_shares_outstanding_m4': 10616352407.0, 'description_m4': "Amazon is the leading online retailer and marketplace for third party sellers. Retail related revenue represents approximately 75% of total, followed ... (116 characters truncated) ... 10%), and other the remainder. International segments constitute 25% to 30% of Amazon's non-AWS sales, led by Germany, the United Kingdom, and Japan.", 'homepage_url_m4': 'https://www.amazon.com', 'total_employees_m4': 1556000.0, 'ticker_m5': 'NVDA', 'name_m5': 'Nvidia Corp', 'market_m5': 'stocks', 'locale_m5': 'us', 'primary_exchange_m5': 'XNAS', 'type_m5': 'CS', 'currency_name_m5': 'usd', 'market_cap_m5': 3528635631734.85, 'share_class_outstanding_m5': None, 'weighted_shares_outstanding_m5': 24387557065.0, 'description_m5': 'Nvidia is a leading developer of graphics processing units. Traditionally, GPUs were used to enhance the experience on computing platforms, most nota ... (212 characters truncated) ... el development and training. Nvidia is also expanding its data center networking solutions, helping to tie GPUs together to handle complex workloads.', 'homepage_url_m5': 'https://www.nvidia.com', 'total_employees_m5': 36000.0, 'ticker_m6': 'META', 'name_m6': 'Meta Platforms, Inc. Class A Common Stock', 'market_m6': 'stocks', 'locale_m6': 'us', 'primary_exchange_m6': 'XNAS', 'type_m6': 'CS', 'currency_name_m6': 'usd', 'market_cap_m6': 1765359448067.8801, 'share_class_outstanding_m6': None, 'weighted_shares_outstanding_m6': 2514327249.0, 'description_m6': 'Meta is the largest social media company in the world, boasting close to 4 billion monthly active users worldwide. The firm\'s "Family of Apps," its  ... (336 characters truncated) ... o digital advertisers. While the firm has been investing heavily in its Reality Labs business, it remains a very small part of Meta\'s overall sales.', 'homepage_url_m6': 'https://about.meta.com', 'total_employees_m6': 76834.0, 'ticker_m7': 'SPY', 'name_m7': 'SPDR S&P 500 ETF Trust', 'market_m7': 'stocks', 'locale_m7': 'us', 'primary_exchange_m7': 'ARCX', 'type_m7': 'ETF', 'currency_name_m7': 'usd', 'market_cap_m7': None, 'share_class_outstanding_m7': None, 'weighted_shares_outstanding_m7': None, 'description_m7': None, 'homepage_url_m7': None, 'total_employees_m7': None}]
(Background on this error at: https://sqlalche.me/e/14/gkpj)
[2025-06-22T18:55:59.396+0000] {taskinstance.py:1138} INFO - Marking task as UP_FOR_RETRY. dag_id=polygon_data_pipeline, task_id=fetch_ticker_details, execution_date=20250622T185556, start_date=20250622T185558, end_date=20250622T185559
[2025-06-22T18:55:59.401+0000] {standard_task_runner.py:107} ERROR - Failed to execute job 24 for task fetch_ticker_details ((psycopg2.errors.UniqueViolation) duplicate key value violates unique constraint "ticker_details_ticker_key"
DETAIL:  Key (ticker)=(AAPL) already exists.

[SQL: INSERT INTO market_data.ticker_details (ticker, name, market, locale, primary_exchange, type, currency_name, market_cap, share_class_outstanding, weighted_shares_outstanding, description, homepage_url, total_employees) VALUES (%(ticker_m0)s, %(name_m0)s, %(market_m0)s, %(locale_m0)s, %(primary_exchange_m0)s, %(type_m0)s, %(currency_name_m0)s, %(market_cap_m0)s, %(share_class_outstanding_m0)s, %(weighted_shares_outstanding_m0)s, %(description_m0)s, %(homepage_url_m0)s, %(total_employees_m0)s), (%(ticker_m1)s, %(name_m1)s, %(market_m1)s, %(locale_m1)s, %(primary_exchange_m1)s, %(type_m1)s, %(currency_name_m1)s, %(market_cap_m1)s, %(share_class_outstanding_m1)s, %(weighted_shares_outstanding_m1)s, %(description_m1)s, %(homepage_url_m1)s, %(total_employees_m1)s), (%(ticker_m2)s, %(name_m2)s, %(market_m2)s, %(locale_m2)s, %(primary_exchange_m2)s, %(type_m2)s, %(currency_name_m2)s, %(market_cap_m2)s, %(share_class_outstanding_m2)s, %(weighted_shares_outstanding_m2)s, %(description_m2)s, %(homepage_url_m2)s, %(total_employees_m2)s), (%(ticker_m3)s, %(name_m3)s, %(market_m3)s, %(locale_m3)s, %(primary_exchange_m3)s, %(type_m3)s, %(currency_name_m3)s, %(market_cap_m3)s, %(share_class_outstanding_m3)s, %(weighted_shares_outstanding_m3)s, %(description_m3)s, %(homepage_url_m3)s, %(total_employees_m3)s), (%(ticker_m4)s, %(name_m4)s, %(market_m4)s, %(locale_m4)s, %(primary_exchange_m4)s, %(type_m4)s, %(currency_name_m4)s, %(market_cap_m4)s, %(share_class_outstanding_m4)s, %(weighted_shares_outstanding_m4)s, %(description_m4)s, %(homepage_url_m4)s, %(total_employees_m4)s), (%(ticker_m5)s, %(name_m5)s, %(market_m5)s, %(locale_m5)s, %(primary_exchange_m5)s, %(type_m5)s, %(currency_name_m5)s, %(market_cap_m5)s, %(share_class_outstanding_m5)s, %(weighted_shares_outstanding_m5)s, %(description_m5)s, %(homepage_url_m5)s, %(total_employees_m5)s), (%(ticker_m6)s, %(name_m6)s, %(market_m6)s, %(locale_m6)s, %(primary_exchange_m6)s, %(type_m6)s, %(currency_name_m6)s, %(market_cap_m6)s, %(share_class_outstanding_m6)s, %(weighted_shares_outstanding_m6)s, %(description_m6)s, %(homepage_url_m6)s, %(total_employees_m6)s), (%(ticker_m7)s, %(name_m7)s, %(market_m7)s, %(locale_m7)s, %(primary_exchange_m7)s, %(type_m7)s, %(currency_name_m7)s, %(market_cap_m7)s, %(share_class_outstanding_m7)s, %(weighted_shares_outstanding_m7)s, %(description_m7)s, %(homepage_url_m7)s, %(total_employees_m7)s)]
[parameters: {'ticker_m0': 'AAPL', 'name_m0': 'Apple Inc.', 'market_m0': 'stocks', 'locale_m0': 'us', 'primary_exchange_m0': 'XNAS', 'type_m0': 'CS', 'currency_name_m0': 'usd', 'market_cap_m0': 2963566594920.0, 'share_class_outstanding_m0': None, 'weighted_shares_outstanding_m0': 14935826000.0, 'description_m0': "Apple is among the largest companies in the world, with a broad portfolio of hardware and software products targeted at consumers and businesses. App ... (471 characters truncated) ... an half of Apple's sales come directly through its flagship stores, with a majority of sales coming indirectly through partnerships and distribution.", 'homepage_url_m0': 'https://www.apple.com', 'total_employees_m0': 164000.0, 'ticker_m1': 'GOOGL', 'name_m1': 'Alphabet Inc. Class A Common Stock', 'market_m1': 'stocks', 'locale_m1': 'us', 'primary_exchange_m1': 'XNAS', 'type_m1': 'CS', 'currency_name_m1': 'usd', 'market_cap_m1': 2145059979523.12, 'share_class_outstanding_m1': None, 'weighted_shares_outstanding_m1': 12134751256.0, 'description_m1': "Alphabet is a holding company that wholly owns internet giant Google. The California-based company derives slightly less than 90% of its revenue from ... (454 characters truncated) ...  investments in up-and-coming technologies such as self-driving cars (Waymo), health (Verily), and internet access (Google Fiber) making up the rest.", 'homepage_url_m1': 'https://www.abc.xyz', 'total_employees_m1': 185719.0, 'ticker_m2': 'MSFT', 'name_m2': 'Microsoft Corp', 'market_m2': 'stocks', 'locale_m2': 'us', 'primary_exchange_m2': 'XNAS', 'type_m2': 'CS', 'currency_name_m2': 'usd', 'market_cap_m2': 3561229067476.1, 'share_class_outstanding_m2': None, 'weighted_shares_outstanding_m2': 7432543865.0, 'description_m2': 'Microsoft develops and licenses consumer and enterprise software. It is known for its Windows operating systems and Office productivity suite. The co ... (287 characters truncated) ... er OS, SQL Server), and more personal computing (Windows Client, Xbox, Bing search, display advertising, and Surface laptops, tablets, and desktops).', 'homepage_url_m2': 'https://www.microsoft.com', 'total_employees_m2': 228000.0, 'ticker_m3': 'TSLA', 'name_m3': 'Tesla, Inc. Common Stock', 'market_m3': 'stocks', 'locale_m3': 'us', 'primary_exchange_m3': 'XNAS', 'type_m3': 'CS', 'currency_name_m3': 'usd', 'market_cap_m3': 1060113317726.4299, 'share_class_outstanding_m3': None, 'weighted_shares_outstanding_m3': 3220956211.0, 'description_m3': 'Tesla is a vertically integrated battery electric vehicle automaker and developer of autonomous driving software. The company has multiple vehicles i ... (335 characters truncated) ... ential and commercial properties including utilities and solar panels and solar roofs for energy generation. Tesla also owns a fast-charging network.', 'homepage_url_m3': 'https://www.tesla.com', 'total_employees_m3': 125665.0, 'ticker_m4': 'AMZN', 'name_m4': 'Amazon.Com Inc', 'market_m4': 'stocks', 'locale_m4': 'us', 'primary_exchange_m4': 'XNAS', 'type_m4': 'CS', 'currency_name_m4': 'usd', 'market_cap_m4': 2294193755152.6997, 'share_class_outstanding_m4': None, 'weighted_shares_outstanding_m4': 10616352407.0, 'description_m4': "Amazon is the leading online retailer and marketplace for third party sellers. Retail related revenue represents approximately 75% of total, followed ... (116 characters truncated) ... 10%), and other the remainder. International segments constitute 25% to 30% of Amazon's non-AWS sales, led by Germany, the United Kingdom, and Japan.", 'homepage_url_m4': 'https://www.amazon.com', 'total_employees_m4': 1556000.0, 'ticker_m5': 'NVDA', 'name_m5': 'Nvidia Corp', 'market_m5': 'stocks', 'locale_m5': 'us', 'primary_exchange_m5': 'XNAS', 'type_m5': 'CS', 'currency_name_m5': 'usd', 'market_cap_m5': 3528635631734.85, 'share_class_outstanding_m5': None, 'weighted_shares_outstanding_m5': 24387557065.0, 'description_m5': 'Nvidia is a leading developer of graphics processing units. Traditionally, GPUs were used to enhance the experience on computing platforms, most nota ... (212 characters truncated) ... el development and training. Nvidia is also expanding its data center networking solutions, helping to tie GPUs together to handle complex workloads.', 'homepage_url_m5': 'https://www.nvidia.com', 'total_employees_m5': 36000.0, 'ticker_m6': 'META', 'name_m6': 'Meta Platforms, Inc. Class A Common Stock', 'market_m6': 'stocks', 'locale_m6': 'us', 'primary_exchange_m6': 'XNAS', 'type_m6': 'CS', 'currency_name_m6': 'usd', 'market_cap_m6': 1765359448067.8801, 'share_class_outstanding_m6': None, 'weighted_shares_outstanding_m6': 2514327249.0, 'description_m6': 'Meta is the largest social media company in the world, boasting close to 4 billion monthly active users worldwide. The firm\'s "Family of Apps," its  ... (336 characters truncated) ... o digital advertisers. While the firm has been investing heavily in its Reality Labs business, it remains a very small part of Meta\'s overall sales.', 'homepage_url_m6': 'https://about.meta.com', 'total_employees_m6': 76834.0, 'ticker_m7': 'SPY', 'name_m7': 'SPDR S&P 500 ETF Trust', 'market_m7': 'stocks', 'locale_m7': 'us', 'primary_exchange_m7': 'ARCX', 'type_m7': 'ETF', 'currency_name_m7': 'usd', 'market_cap_m7': None, 'share_class_outstanding_m7': None, 'weighted_shares_outstanding_m7': None, 'description_m7': None, 'homepage_url_m7': None, 'total_employees_m7': None}]
(Background on this error at: https://sqlalche.me/e/14/gkpj); 628)
[2025-06-22T18:55:59.408+0000] {local_task_job_runner.py:234} INFO - Task exited with return code 1
[2025-06-22T18:55:59.422+0000] {taskinstance.py:3281} INFO - 0 downstream tasks scheduled from follow-on schedule check
