[2025-06-22T18:33:01.504+0000] {manager.py:469} INFO - Processing files using up to 2 processes at a time 
[2025-06-22T18:33:01.504+0000] {manager.py:470} INFO - Process each file at most once every 30 seconds
[2025-06-22T18:33:01.506+0000] {manager.py:471} INFO - Checking for new files in /opt/airflow/dags every 300 seconds
[2025-06-22T18:33:01.506+0000] {manager.py:738} INFO - Searching for files in /opt/airflow/dags
[2025-06-22T18:33:01.508+0000] {manager.py:741} INFO - There are 2 files in /opt/airflow/dags
[2025-06-22T18:33:01.563+0000] {manager.py:879} INFO - 
================================================================================
DAG File Processing Stats

File Path                                     PID  Runtime      # DAGs    # Errors  Last Runtime    Last Run
------------------------------------------  -----  ---------  --------  ----------  --------------  ----------
/opt/airflow/dags/sample_data_pipeline.py     198  0.02s             0           0
/opt/airflow/dags/polygon_data_pipeline.py    194  0.03s             0           0
================================================================================
[2025-06-22T18:33:02.206+0000] {manager.py:1017} ERROR - Processor for /opt/airflow/dags/polygon_data_pipeline.py exited with return code 1.
[2025-06-22T18:33:02.428+0000] {manager.py:1017} ERROR - Processor for /opt/airflow/dags/sample_data_pipeline.py exited with return code 1.
[2025-06-22T18:33:31.683+0000] {manager.py:879} INFO - 
================================================================================
DAG File Processing Stats

File Path                                   PID    Runtime      # DAGs    # Errors  Last Runtime    Last Run
------------------------------------------  -----  ---------  --------  ----------  --------------  -------------------
/opt/airflow/dags/sample_data_pipeline.py                            0          -1  0.89s           2025-06-22T18:33:02
/opt/airflow/dags/polygon_data_pipeline.py                           0          -1  0.67s           2025-06-22T18:33:02
================================================================================
[2025-06-22T18:34:01.884+0000] {manager.py:879} INFO - 
================================================================================
DAG File Processing Stats

File Path                                   PID    Runtime      # DAGs    # Errors  Last Runtime    Last Run
------------------------------------------  -----  ---------  --------  ----------  --------------  -------------------
/opt/airflow/dags/sample_data_pipeline.py                            1           0  0.19s           2025-06-22T18:33:32
/opt/airflow/dags/polygon_data_pipeline.py                           1           0  0.19s           2025-06-22T18:33:32
================================================================================
[2025-06-22T18:34:32.352+0000] {manager.py:879} INFO - 
================================================================================
DAG File Processing Stats

File Path                                   PID    Runtime      # DAGs    # Errors  Last Runtime    Last Run
------------------------------------------  -----  ---------  --------  ----------  --------------  -------------------
/opt/airflow/dags/sample_data_pipeline.py                            1           0  0.20s           2025-06-22T18:34:03
/opt/airflow/dags/polygon_data_pipeline.py                           1           0  0.20s           2025-06-22T18:34:03
================================================================================
[2025-06-22T18:35:02.713+0000] {manager.py:879} INFO - 
================================================================================
DAG File Processing Stats

File Path                                   PID    Runtime      # DAGs    # Errors  Last Runtime    Last Run
------------------------------------------  -----  ---------  --------  ----------  --------------  -------------------
/opt/airflow/dags/sample_data_pipeline.py                            1           0  0.22s           2025-06-22T18:34:33
/opt/airflow/dags/polygon_data_pipeline.py                           1           0  0.22s           2025-06-22T18:34:33
================================================================================
[2025-06-22T18:35:33.242+0000] {manager.py:879} INFO - 
================================================================================
DAG File Processing Stats

File Path                                   PID    Runtime      # DAGs    # Errors  Last Runtime    Last Run
------------------------------------------  -----  ---------  --------  ----------  --------------  -------------------
/opt/airflow/dags/sample_data_pipeline.py                            1           0  0.20s           2025-06-22T18:35:03
/opt/airflow/dags/polygon_data_pipeline.py                           1           0  0.21s           2025-06-22T18:35:03
================================================================================
[2025-06-22T18:36:03.542+0000] {manager.py:879} INFO - 
================================================================================
DAG File Processing Stats

File Path                                   PID    Runtime      # DAGs    # Errors  Last Runtime    Last Run
------------------------------------------  -----  ---------  --------  ----------  --------------  -------------------
/opt/airflow/dags/sample_data_pipeline.py                            1           0  0.19s           2025-06-22T18:35:34
/opt/airflow/dags/polygon_data_pipeline.py                           1           0  0.19s           2025-06-22T18:35:34
================================================================================
[2025-06-22T18:36:34.100+0000] {manager.py:879} INFO - 
================================================================================
DAG File Processing Stats

File Path                                   PID    Runtime      # DAGs    # Errors  Last Runtime    Last Run
------------------------------------------  -----  ---------  --------  ----------  --------------  -------------------
/opt/airflow/dags/sample_data_pipeline.py                            1           0  0.20s           2025-06-22T18:36:04
/opt/airflow/dags/polygon_data_pipeline.py                           1           0  0.20s           2025-06-22T18:36:04
================================================================================
[2025-06-22T18:37:04.382+0000] {manager.py:879} INFO - 
================================================================================
DAG File Processing Stats

File Path                                   PID    Runtime      # DAGs    # Errors  Last Runtime    Last Run
------------------------------------------  -----  ---------  --------  ----------  --------------  -------------------
/opt/airflow/dags/sample_data_pipeline.py                            1           0  0.18s           2025-06-22T18:36:35
/opt/airflow/dags/polygon_data_pipeline.py                           1           0  0.18s           2025-06-22T18:36:35
================================================================================
[2025-06-22T18:37:34.872+0000] {manager.py:879} INFO - 
================================================================================
DAG File Processing Stats

File Path                                   PID    Runtime      # DAGs    # Errors  Last Runtime    Last Run
------------------------------------------  -----  ---------  --------  ----------  --------------  -------------------
/opt/airflow/dags/sample_data_pipeline.py                            1           0  0.20s           2025-06-22T18:37:05
/opt/airflow/dags/polygon_data_pipeline.py                           1           0  0.21s           2025-06-22T18:37:05
================================================================================
[2025-06-22T18:38:02.362+0000] {manager.py:738} INFO - Searching for files in /opt/airflow/dags
[2025-06-22T18:38:02.367+0000] {manager.py:741} INFO - There are 2 files in /opt/airflow/dags
[2025-06-22T18:38:05.407+0000] {manager.py:879} INFO - 
================================================================================
DAG File Processing Stats

File Path                                   PID    Runtime      # DAGs    # Errors  Last Runtime    Last Run
------------------------------------------  -----  ---------  --------  ----------  --------------  -------------------
/opt/airflow/dags/sample_data_pipeline.py                            1           0  0.19s           2025-06-22T18:37:36
/opt/airflow/dags/polygon_data_pipeline.py                           1           0  0.20s           2025-06-22T18:37:36
================================================================================
[2025-06-22T18:38:35.824+0000] {manager.py:879} INFO - 
================================================================================
DAG File Processing Stats

File Path                                   PID    Runtime      # DAGs    # Errors  Last Runtime    Last Run
------------------------------------------  -----  ---------  --------  ----------  --------------  -------------------
/opt/airflow/dags/sample_data_pipeline.py                            1           0  0.19s           2025-06-22T18:38:06
/opt/airflow/dags/polygon_data_pipeline.py                           1           0  0.19s           2025-06-22T18:38:06
================================================================================
[2025-06-22T18:39:06.142+0000] {manager.py:879} INFO - 
================================================================================
DAG File Processing Stats

File Path                                   PID    Runtime      # DAGs    # Errors  Last Runtime    Last Run
------------------------------------------  -----  ---------  --------  ----------  --------------  -------------------
/opt/airflow/dags/sample_data_pipeline.py                            1           0  0.19s           2025-06-22T18:38:37
/opt/airflow/dags/polygon_data_pipeline.py                           1           0  0.20s           2025-06-22T18:38:37
================================================================================
[2025-06-22T18:39:36.675+0000] {manager.py:879} INFO - 
================================================================================
DAG File Processing Stats

File Path                                   PID    Runtime      # DAGs    # Errors  Last Runtime    Last Run
------------------------------------------  -----  ---------  --------  ----------  --------------  -------------------
/opt/airflow/dags/sample_data_pipeline.py                            1           0  0.20s           2025-06-22T18:39:07
/opt/airflow/dags/polygon_data_pipeline.py                           1           0  0.22s           2025-06-22T18:39:07
================================================================================
[2025-06-22T18:40:07.190+0000] {manager.py:879} INFO - 
================================================================================
DAG File Processing Stats

File Path                                   PID    Runtime      # DAGs    # Errors  Last Runtime    Last Run
------------------------------------------  -----  ---------  --------  ----------  --------------  -------------------
/opt/airflow/dags/sample_data_pipeline.py                            1           0  0.18s           2025-06-22T18:39:37
/opt/airflow/dags/polygon_data_pipeline.py                           1           0  0.18s           2025-06-22T18:39:37
================================================================================
[2025-06-22T18:40:37.527+0000] {manager.py:879} INFO - 
================================================================================
DAG File Processing Stats

File Path                                   PID    Runtime      # DAGs    # Errors  Last Runtime    Last Run
------------------------------------------  -----  ---------  --------  ----------  --------------  -------------------
/opt/airflow/dags/sample_data_pipeline.py                            1           0  0.20s           2025-06-22T18:40:08
/opt/airflow/dags/polygon_data_pipeline.py                           1           0  0.20s           2025-06-22T18:40:08
================================================================================
[2025-06-22T18:41:08.035+0000] {manager.py:879} INFO - 
================================================================================
DAG File Processing Stats

File Path                                   PID    Runtime      # DAGs    # Errors  Last Runtime    Last Run
------------------------------------------  -----  ---------  --------  ----------  --------------  -------------------
/opt/airflow/dags/sample_data_pipeline.py                            1           0  0.18s           2025-06-22T18:40:38
/opt/airflow/dags/polygon_data_pipeline.py                           1           0  0.18s           2025-06-22T18:40:38
================================================================================
[2025-06-22T18:41:38.598+0000] {manager.py:879} INFO - 
================================================================================
DAG File Processing Stats

File Path                                   PID    Runtime      # DAGs    # Errors  Last Runtime    Last Run
------------------------------------------  -----  ---------  --------  ----------  --------------  -------------------
/opt/airflow/dags/sample_data_pipeline.py                            1           0  0.19s           2025-06-22T18:41:09
/opt/airflow/dags/polygon_data_pipeline.py                           1           0  0.20s           2025-06-22T18:41:09
================================================================================
[2025-06-22T18:42:08.954+0000] {manager.py:879} INFO - 
================================================================================
DAG File Processing Stats

File Path                                   PID    Runtime      # DAGs    # Errors  Last Runtime    Last Run
------------------------------------------  -----  ---------  --------  ----------  --------------  -------------------
/opt/airflow/dags/sample_data_pipeline.py                            1           0  0.21s           2025-06-22T18:41:39
/opt/airflow/dags/polygon_data_pipeline.py                           1           0  0.21s           2025-06-22T18:41:39
================================================================================
[2025-06-22T18:42:39.497+0000] {manager.py:879} INFO - 
================================================================================
DAG File Processing Stats

File Path                                   PID    Runtime      # DAGs    # Errors  Last Runtime    Last Run
------------------------------------------  -----  ---------  --------  ----------  --------------  -------------------
/opt/airflow/dags/sample_data_pipeline.py                            1           0  0.20s           2025-06-22T18:42:10
/opt/airflow/dags/polygon_data_pipeline.py                           1           0  0.17s           2025-06-22T18:42:26
================================================================================
[2025-06-22T18:43:02.948+0000] {manager.py:738} INFO - Searching for files in /opt/airflow/dags
[2025-06-22T18:43:02.955+0000] {manager.py:741} INFO - There are 2 files in /opt/airflow/dags
[2025-06-22T18:43:10.032+0000] {manager.py:879} INFO - 
================================================================================
DAG File Processing Stats

File Path                                   PID    Runtime      # DAGs    # Errors  Last Runtime    Last Run
------------------------------------------  -----  ---------  --------  ----------  --------------  -------------------
/opt/airflow/dags/sample_data_pipeline.py                            1           0  0.21s           2025-06-22T18:42:40
/opt/airflow/dags/polygon_data_pipeline.py                           1           0  0.17s           2025-06-22T18:42:57
================================================================================
[2025-06-22T18:43:40.559+0000] {manager.py:879} INFO - 
================================================================================
DAG File Processing Stats

File Path                                   PID    Runtime      # DAGs    # Errors  Last Runtime    Last Run
------------------------------------------  -----  ---------  --------  ----------  --------------  -------------------
/opt/airflow/dags/sample_data_pipeline.py                            1           0  0.20s           2025-06-22T18:43:11
/opt/airflow/dags/polygon_data_pipeline.py                           1           0  0.19s           2025-06-22T18:43:27
================================================================================
[2025-06-22T18:44:11.063+0000] {manager.py:879} INFO - 
================================================================================
DAG File Processing Stats

File Path                                   PID    Runtime      # DAGs    # Errors  Last Runtime    Last Run
------------------------------------------  -----  ---------  --------  ----------  --------------  -------------------
/opt/airflow/dags/sample_data_pipeline.py                            1           0  0.19s           2025-06-22T18:43:41
/opt/airflow/dags/polygon_data_pipeline.py                           1           0  0.21s           2025-06-22T18:43:58
================================================================================
[2025-06-22T18:44:41.636+0000] {manager.py:879} INFO - 
================================================================================
DAG File Processing Stats

File Path                                   PID    Runtime      # DAGs    # Errors  Last Runtime    Last Run
------------------------------------------  -----  ---------  --------  ----------  --------------  -------------------
/opt/airflow/dags/sample_data_pipeline.py                            1           0  0.19s           2025-06-22T18:44:12
/opt/airflow/dags/polygon_data_pipeline.py                           1           0  0.18s           2025-06-22T18:44:28
================================================================================
[2025-06-22T18:45:12.204+0000] {manager.py:879} INFO - 
================================================================================
DAG File Processing Stats

File Path                                   PID    Runtime      # DAGs    # Errors  Last Runtime    Last Run
------------------------------------------  -----  ---------  --------  ----------  --------------  -------------------
/opt/airflow/dags/sample_data_pipeline.py                            1           0  0.18s           2025-06-22T18:44:42
/opt/airflow/dags/polygon_data_pipeline.py                           1           0  0.19s           2025-06-22T18:45:07
================================================================================
[2025-06-22T18:45:42.656+0000] {manager.py:879} INFO - 
================================================================================
DAG File Processing Stats

File Path                                   PID    Runtime      # DAGs    # Errors  Last Runtime    Last Run
------------------------------------------  -----  ---------  --------  ----------  --------------  -------------------
/opt/airflow/dags/sample_data_pipeline.py                            1           0  0.21s           2025-06-22T18:45:13
/opt/airflow/dags/polygon_data_pipeline.py                           1           0  0.18s           2025-06-22T18:45:18
================================================================================
[2025-06-22T18:46:26.758+0000] {manager.py:469} INFO - Processing files using up to 2 processes at a time 
[2025-06-22T18:46:26.760+0000] {manager.py:470} INFO - Process each file at most once every 30 seconds
[2025-06-22T18:46:26.760+0000] {manager.py:471} INFO - Checking for new files in /opt/airflow/dags every 300 seconds
[2025-06-22T18:46:26.762+0000] {manager.py:738} INFO - Searching for files in /opt/airflow/dags
[2025-06-22T18:46:26.775+0000] {manager.py:741} INFO - There are 2 files in /opt/airflow/dags
[2025-06-22T18:46:26.823+0000] {manager.py:879} INFO - 
================================================================================
DAG File Processing Stats

File Path                                     PID  Runtime      # DAGs    # Errors  Last Runtime    Last Run
------------------------------------------  -----  ---------  --------  ----------  --------------  ----------
/opt/airflow/dags/sample_data_pipeline.py     228  0.02s             0           0
/opt/airflow/dags/polygon_data_pipeline.py    224  0.02s             0           0
================================================================================
[2025-06-22T18:46:57.058+0000] {manager.py:879} INFO - 
================================================================================
DAG File Processing Stats

File Path                                   PID    Runtime      # DAGs    # Errors  Last Runtime    Last Run
------------------------------------------  -----  ---------  --------  ----------  --------------  -------------------
/opt/airflow/dags/sample_data_pipeline.py                            1           0  0.47s           2025-06-22T18:46:27
/opt/airflow/dags/polygon_data_pipeline.py                           1           0  0.47s           2025-06-22T18:46:27
================================================================================
[2025-06-22T18:47:27.832+0000] {manager.py:879} INFO - 
================================================================================
DAG File Processing Stats

File Path                                     PID  Runtime      # DAGs    # Errors  Last Runtime    Last Run
------------------------------------------  -----  ---------  --------  ----------  --------------  -------------------
/opt/airflow/dags/sample_data_pipeline.py     306  0.00s             1           0  0.21s           2025-06-22T18:46:57
/opt/airflow/dags/polygon_data_pipeline.py    303  0.01s             1           0  0.22s           2025-06-22T18:46:57
================================================================================
[2025-06-22T18:47:58.394+0000] {manager.py:879} INFO - 
================================================================================
DAG File Processing Stats

File Path                                     PID  Runtime      # DAGs    # Errors  Last Runtime    Last Run
------------------------------------------  -----  ---------  --------  ----------  --------------  -------------------
/opt/airflow/dags/sample_data_pipeline.py     318  0.00s             1           0  0.19s           2025-06-22T18:47:28
/opt/airflow/dags/polygon_data_pipeline.py    315  0.01s             1           0  0.20s           2025-06-22T18:47:28
================================================================================
[2025-06-22T18:48:28.863+0000] {manager.py:879} INFO - 
================================================================================
DAG File Processing Stats

File Path                                     PID  Runtime      # DAGs    # Errors  Last Runtime    Last Run
------------------------------------------  -----  ---------  --------  ----------  --------------  -------------------
/opt/airflow/dags/sample_data_pipeline.py     330  0.00s             1           0  0.18s           2025-06-22T18:47:58
/opt/airflow/dags/polygon_data_pipeline.py    327  0.01s             1           0  0.19s           2025-06-22T18:47:58
================================================================================
[2025-06-22T18:48:59.163+0000] {manager.py:879} INFO - 
================================================================================
DAG File Processing Stats

File Path                                     PID  Runtime      # DAGs    # Errors  Last Runtime    Last Run
------------------------------------------  -----  ---------  --------  ----------  --------------  -------------------
/opt/airflow/dags/sample_data_pipeline.py     342  0.00s             1           0  0.19s           2025-06-22T18:48:29
/opt/airflow/dags/polygon_data_pipeline.py    339  0.01s             1           0  0.20s           2025-06-22T18:48:29
================================================================================
[2025-06-22T18:49:29.559+0000] {manager.py:879} INFO - 
================================================================================
DAG File Processing Stats

File Path                                     PID  Runtime      # DAGs    # Errors  Last Runtime    Last Run
------------------------------------------  -----  ---------  --------  ----------  --------------  -------------------
/opt/airflow/dags/sample_data_pipeline.py     354  0.00s             1           0  0.21s           2025-06-22T18:48:59
/opt/airflow/dags/polygon_data_pipeline.py    351  0.01s             1           0  0.21s           2025-06-22T18:48:59
================================================================================
[2025-06-22T18:50:00.106+0000] {manager.py:879} INFO - 
================================================================================
DAG File Processing Stats

File Path                                     PID  Runtime      # DAGs    # Errors  Last Runtime    Last Run
------------------------------------------  -----  ---------  --------  ----------  --------------  -------------------
/opt/airflow/dags/sample_data_pipeline.py     366  0.00s             1           0  0.19s           2025-06-22T18:49:29
/opt/airflow/dags/polygon_data_pipeline.py    363  0.01s             1           0  0.20s           2025-06-22T18:49:29
================================================================================
[2025-06-22T18:50:30.477+0000] {manager.py:879} INFO - 
================================================================================
DAG File Processing Stats

File Path                                     PID  Runtime      # DAGs    # Errors  Last Runtime    Last Run
------------------------------------------  -----  ---------  --------  ----------  --------------  -------------------
/opt/airflow/dags/sample_data_pipeline.py     378  0.01s             1           0  0.20s           2025-06-22T18:50:00
/opt/airflow/dags/polygon_data_pipeline.py    375  0.02s             1           0  0.21s           2025-06-22T18:50:00
================================================================================
[2025-06-22T18:51:00.962+0000] {manager.py:879} INFO - 
================================================================================
DAG File Processing Stats

File Path                                     PID  Runtime      # DAGs    # Errors  Last Runtime    Last Run
------------------------------------------  -----  ---------  --------  ----------  --------------  -------------------
/opt/airflow/dags/sample_data_pipeline.py     390  0.00s             1           0  0.19s           2025-06-22T18:50:30
/opt/airflow/dags/polygon_data_pipeline.py    387  0.01s             1           0  0.20s           2025-06-22T18:50:30
================================================================================
[2025-06-22T18:51:27.421+0000] {manager.py:738} INFO - Searching for files in /opt/airflow/dags
[2025-06-22T18:51:27.428+0000] {manager.py:741} INFO - There are 2 files in /opt/airflow/dags
[2025-06-22T18:51:31.507+0000] {manager.py:879} INFO - 
================================================================================
DAG File Processing Stats

File Path                                     PID  Runtime      # DAGs    # Errors  Last Runtime    Last Run
------------------------------------------  -----  ---------  --------  ----------  --------------  -------------------
/opt/airflow/dags/sample_data_pipeline.py     411  0.00s             1           0  0.20s           2025-06-22T18:51:01
/opt/airflow/dags/polygon_data_pipeline.py    408  0.01s             1           0  0.21s           2025-06-22T18:51:01
================================================================================
[2025-06-22T18:52:01.968+0000] {manager.py:879} INFO - 
================================================================================
DAG File Processing Stats

File Path                                     PID  Runtime      # DAGs    # Errors  Last Runtime    Last Run
------------------------------------------  -----  ---------  --------  ----------  --------------  -------------------
/opt/airflow/dags/sample_data_pipeline.py     423  0.00s             1           0  0.20s           2025-06-22T18:51:31
/opt/airflow/dags/polygon_data_pipeline.py    420  0.01s             1           0  0.21s           2025-06-22T18:51:31
================================================================================
[2025-06-22T18:52:32.244+0000] {manager.py:879} INFO - 
================================================================================
DAG File Processing Stats

File Path                                     PID  Runtime      # DAGs    # Errors  Last Runtime    Last Run
------------------------------------------  -----  ---------  --------  ----------  --------------  -------------------
/opt/airflow/dags/sample_data_pipeline.py     435  0.00s             1           0  0.18s           2025-06-22T18:52:02
/opt/airflow/dags/polygon_data_pipeline.py    432  0.01s             1           0  0.19s           2025-06-22T18:52:02
================================================================================
[2025-06-22T18:53:02.787+0000] {manager.py:879} INFO - 
================================================================================
DAG File Processing Stats

File Path                                     PID  Runtime      # DAGs    # Errors  Last Runtime    Last Run
------------------------------------------  -----  ---------  --------  ----------  --------------  -------------------
/opt/airflow/dags/sample_data_pipeline.py     447  0.00s             1           0  0.19s           2025-06-22T18:52:32
/opt/airflow/dags/polygon_data_pipeline.py    444  0.01s             1           0  0.20s           2025-06-22T18:52:32
================================================================================
[2025-06-22T18:53:33.315+0000] {manager.py:879} INFO - 
================================================================================
DAG File Processing Stats

File Path                                     PID  Runtime      # DAGs    # Errors  Last Runtime    Last Run
------------------------------------------  -----  ---------  --------  ----------  --------------  -------------------
/opt/airflow/dags/sample_data_pipeline.py     480  0.01s             1           0  0.20s           2025-06-22T18:53:02
/opt/airflow/dags/polygon_data_pipeline.py                           1           0  0.21s           2025-06-22T18:53:32
================================================================================
[2025-06-22T18:54:03.822+0000] {manager.py:879} INFO - 
================================================================================
DAG File Processing Stats

File Path                                     PID  Runtime      # DAGs    # Errors  Last Runtime    Last Run
------------------------------------------  -----  ---------  --------  ----------  --------------  -------------------
/opt/airflow/dags/sample_data_pipeline.py     517  0.00s             1           0  0.19s           2025-06-22T18:53:33
/opt/airflow/dags/polygon_data_pipeline.py                           1           0  0.20s           2025-06-22T18:53:56
================================================================================
[2025-06-22T18:54:34.444+0000] {manager.py:879} INFO - 
================================================================================
DAG File Processing Stats

File Path                                     PID  Runtime      # DAGs    # Errors  Last Runtime    Last Run
------------------------------------------  -----  ---------  --------  ----------  --------------  -------------------
/opt/airflow/dags/sample_data_pipeline.py     580  0.01s             1           0  0.17s           2025-06-22T18:54:03
/opt/airflow/dags/polygon_data_pipeline.py                           1           0  0.19s           2025-06-22T18:54:17
================================================================================
[2025-06-22T18:55:04.968+0000] {manager.py:879} INFO - 
================================================================================
DAG File Processing Stats

File Path                                     PID  Runtime      # DAGs    # Errors  Last Runtime    Last Run
------------------------------------------  -----  ---------  --------  ----------  --------------  -------------------
/opt/airflow/dags/sample_data_pipeline.py     592  0.01s             1           0  0.20s           2025-06-22T18:54:34
/opt/airflow/dags/polygon_data_pipeline.py                           1           0  0.18s           2025-06-22T18:54:47
================================================================================
[2025-06-22T18:55:35.475+0000] {manager.py:879} INFO - 
================================================================================
DAG File Processing Stats

File Path                                     PID  Runtime      # DAGs    # Errors  Last Runtime    Last Run
------------------------------------------  -----  ---------  --------  ----------  --------------  -------------------
/opt/airflow/dags/sample_data_pipeline.py     604  0.01s             1           0  0.18s           2025-06-22T18:55:05
/opt/airflow/dags/polygon_data_pipeline.py                           1           0  0.18s           2025-06-22T18:55:18
================================================================================
[2025-06-22T18:56:05.972+0000] {manager.py:879} INFO - 
================================================================================
DAG File Processing Stats

File Path                                     PID  Runtime      # DAGs    # Errors  Last Runtime    Last Run
------------------------------------------  -----  ---------  --------  ----------  --------------  -------------------
/opt/airflow/dags/sample_data_pipeline.py     629  0.01s             1           0  0.18s           2025-06-22T18:55:35
/opt/airflow/dags/polygon_data_pipeline.py                           1           0  0.20s           2025-06-22T18:55:48
================================================================================
[2025-06-22T18:56:28.360+0000] {manager.py:738} INFO - Searching for files in /opt/airflow/dags
[2025-06-22T18:56:28.366+0000] {manager.py:741} INFO - There are 2 files in /opt/airflow/dags
[2025-06-22T18:56:36.463+0000] {manager.py:879} INFO - 
================================================================================
DAG File Processing Stats

File Path                                     PID  Runtime      # DAGs    # Errors  Last Runtime    Last Run
------------------------------------------  -----  ---------  --------  ----------  --------------  -------------------
/opt/airflow/dags/sample_data_pipeline.py     641  0.01s             1           0  0.20s           2025-06-22T18:56:06
/opt/airflow/dags/polygon_data_pipeline.py                           1           0  0.19s           2025-06-22T18:56:19
================================================================================
[2025-06-22T18:57:06.949+0000] {manager.py:879} INFO - 
================================================================================
DAG File Processing Stats

File Path                                     PID  Runtime      # DAGs    # Errors  Last Runtime    Last Run
------------------------------------------  -----  ---------  --------  ----------  --------------  -------------------
/opt/airflow/dags/sample_data_pipeline.py     669  0.00s             1           0  0.18s           2025-06-22T18:56:36
/opt/airflow/dags/polygon_data_pipeline.py                           1           0  0.20s           2025-06-22T18:56:49
================================================================================
[2025-06-22T18:57:37.503+0000] {manager.py:879} INFO - 
================================================================================
DAG File Processing Stats

File Path                                     PID  Runtime      # DAGs    # Errors  Last Runtime    Last Run
------------------------------------------  -----  ---------  --------  ----------  --------------  -------------------
/opt/airflow/dags/sample_data_pipeline.py     681  0.01s             1           0  0.21s           2025-06-22T18:57:07
/opt/airflow/dags/polygon_data_pipeline.py                           1           0  0.20s           2025-06-22T18:57:10
================================================================================
[2025-06-22T18:58:08.017+0000] {manager.py:879} INFO - 
================================================================================
DAG File Processing Stats

File Path                                     PID  Runtime      # DAGs    # Errors  Last Runtime    Last Run
------------------------------------------  -----  ---------  --------  ----------  --------------  -------------------
/opt/airflow/dags/sample_data_pipeline.py     693  0.01s             1           0  0.20s           2025-06-22T18:57:37
/opt/airflow/dags/polygon_data_pipeline.py                           1           0  0.20s           2025-06-22T18:57:40
================================================================================
[2025-06-22T18:58:38.480+0000] {manager.py:879} INFO - 
================================================================================
DAG File Processing Stats

File Path                                     PID  Runtime      # DAGs    # Errors  Last Runtime    Last Run
------------------------------------------  -----  ---------  --------  ----------  --------------  -------------------
/opt/airflow/dags/sample_data_pipeline.py     733  0.00s             1           0  0.21s           2025-06-22T18:58:08
/opt/airflow/dags/polygon_data_pipeline.py                           1           0  0.20s           2025-06-22T18:58:31
================================================================================
[2025-06-22T18:59:09.140+0000] {manager.py:879} INFO - 
================================================================================
DAG File Processing Stats

File Path                                     PID  Runtime      # DAGs    # Errors  Last Runtime    Last Run
------------------------------------------  -----  ---------  --------  ----------  --------------  -------------------
/opt/airflow/dags/sample_data_pipeline.py     789  0.01s             1           0  0.18s           2025-06-22T18:58:38
/opt/airflow/dags/polygon_data_pipeline.py                           1           0  0.20s           2025-06-22T18:58:50
================================================================================
[2025-06-22T18:59:39.578+0000] {manager.py:879} INFO - 
================================================================================
DAG File Processing Stats

File Path                                     PID  Runtime      # DAGs    # Errors  Last Runtime    Last Run
------------------------------------------  -----  ---------  --------  ----------  --------------  -------------------
/opt/airflow/dags/sample_data_pipeline.py     813  0.00s             1           0  0.18s           2025-06-22T18:59:09
/opt/airflow/dags/polygon_data_pipeline.py                           1           0  0.24s           2025-06-22T18:59:20
================================================================================
[2025-06-22T19:00:10.033+0000] {manager.py:879} INFO - 
================================================================================
DAG File Processing Stats

File Path                                     PID  Runtime      # DAGs    # Errors  Last Runtime    Last Run
------------------------------------------  -----  ---------  --------  ----------  --------------  -------------------
/opt/airflow/dags/sample_data_pipeline.py     834  0.01s             1           0  0.16s           2025-06-22T18:59:39
/opt/airflow/dags/polygon_data_pipeline.py                           1           0  0.19s           2025-06-22T18:59:50
================================================================================
[2025-06-22T19:00:40.484+0000] {manager.py:879} INFO - 
================================================================================
DAG File Processing Stats

File Path                                     PID  Runtime      # DAGs    # Errors  Last Runtime    Last Run
------------------------------------------  -----  ---------  --------  ----------  --------------  -------------------
/opt/airflow/dags/sample_data_pipeline.py     846  0.00s             1           0  0.19s           2025-06-22T19:00:10
/opt/airflow/dags/polygon_data_pipeline.py                           1           0  0.20s           2025-06-22T19:00:21
================================================================================
[2025-06-22T19:01:10.901+0000] {manager.py:879} INFO - 
================================================================================
DAG File Processing Stats

File Path                                     PID  Runtime      # DAGs    # Errors  Last Runtime    Last Run
------------------------------------------  -----  ---------  --------  ----------  --------------  -------------------
/opt/airflow/dags/sample_data_pipeline.py     861  0.00s             1           0  0.17s           2025-06-22T19:00:40
/opt/airflow/dags/polygon_data_pipeline.py                           1           0  0.16s           2025-06-22T19:00:51
================================================================================
[2025-06-22T19:01:29.240+0000] {manager.py:738} INFO - Searching for files in /opt/airflow/dags
[2025-06-22T19:01:29.246+0000] {manager.py:741} INFO - There are 2 files in /opt/airflow/dags
[2025-06-22T19:01:41.386+0000] {manager.py:879} INFO - 
================================================================================
DAG File Processing Stats

File Path                                     PID  Runtime      # DAGs    # Errors  Last Runtime    Last Run
------------------------------------------  -----  ---------  --------  ----------  --------------  -------------------
/opt/airflow/dags/sample_data_pipeline.py     873  0.00s             1           0  0.18s           2025-06-22T19:01:11
/opt/airflow/dags/polygon_data_pipeline.py                           1           0  0.20s           2025-06-22T19:01:22
================================================================================
[2025-06-22T19:02:11.864+0000] {manager.py:879} INFO - 
================================================================================
DAG File Processing Stats

File Path                                     PID  Runtime      # DAGs    # Errors  Last Runtime    Last Run
------------------------------------------  -----  ---------  --------  ----------  --------------  -------------------
/opt/airflow/dags/sample_data_pipeline.py     885  0.01s             1           0  0.19s           2025-06-22T19:01:41
/opt/airflow/dags/polygon_data_pipeline.py                           1           0  0.18s           2025-06-22T19:01:52
================================================================================
[2025-06-22T19:02:42.405+0000] {manager.py:879} INFO - 
================================================================================
DAG File Processing Stats

File Path                                     PID  Runtime      # DAGs    # Errors  Last Runtime    Last Run
------------------------------------------  -----  ---------  --------  ----------  --------------  -------------------
/opt/airflow/dags/sample_data_pipeline.py     897  0.01s             1           0  0.18s           2025-06-22T19:02:12
/opt/airflow/dags/polygon_data_pipeline.py                           1           0  0.18s           2025-06-22T19:02:23
================================================================================
[2025-06-22T19:03:12.891+0000] {manager.py:879} INFO - 
================================================================================
DAG File Processing Stats

File Path                                     PID  Runtime      # DAGs    # Errors  Last Runtime    Last Run
------------------------------------------  -----  ---------  --------  ----------  --------------  -------------------
/opt/airflow/dags/sample_data_pipeline.py     909  0.01s             1           0  0.18s           2025-06-22T19:02:42
/opt/airflow/dags/polygon_data_pipeline.py                           1           0  0.18s           2025-06-22T19:02:53
================================================================================
[2025-06-22T19:03:43.507+0000] {manager.py:879} INFO - 
================================================================================
DAG File Processing Stats

File Path                                     PID  Runtime      # DAGs    # Errors  Last Runtime    Last Run
------------------------------------------  -----  ---------  --------  ----------  --------------  -------------------
/opt/airflow/dags/sample_data_pipeline.py     921  0.00s             1           0  0.20s           2025-06-22T19:03:13
/opt/airflow/dags/polygon_data_pipeline.py                           1           0  0.18s           2025-06-22T19:03:24
================================================================================
[2025-06-22T19:11:57.177+0000] {manager.py:738} INFO - Searching for files in /opt/airflow/dags
[2025-06-22T19:11:57.182+0000] {manager.py:741} INFO - There are 2 files in /opt/airflow/dags
[2025-06-22T19:12:21.698+0000] {manager.py:879} INFO - 
================================================================================
DAG File Processing Stats

File Path                                   PID    Runtime      # DAGs    # Errors  Last Runtime    Last Run
------------------------------------------  -----  ---------  --------  ----------  --------------  -------------------
/opt/airflow/dags/sample_data_pipeline.py                            1           0  0.20s           2025-06-22T19:11:57
/opt/airflow/dags/polygon_data_pipeline.py                           1           0  0.20s           2025-06-22T19:11:57
================================================================================
[2025-06-22T19:12:52.071+0000] {manager.py:879} INFO - 
================================================================================
DAG File Processing Stats

File Path                                   PID    Runtime      # DAGs    # Errors  Last Runtime    Last Run
------------------------------------------  -----  ---------  --------  ----------  --------------  -------------------
/opt/airflow/dags/sample_data_pipeline.py                            1           0  0.21s           2025-06-22T19:12:28
/opt/airflow/dags/polygon_data_pipeline.py                           1           0  0.21s           2025-06-22T19:12:28
================================================================================
[2025-06-22T19:13:22.569+0000] {manager.py:879} INFO - 
================================================================================
DAG File Processing Stats

File Path                                   PID    Runtime      # DAGs    # Errors  Last Runtime    Last Run
------------------------------------------  -----  ---------  --------  ----------  --------------  -------------------
/opt/airflow/dags/sample_data_pipeline.py                            1           0  0.20s           2025-06-22T19:12:58
/opt/airflow/dags/polygon_data_pipeline.py                           1           0  0.21s           2025-06-22T19:12:58
================================================================================
[2025-06-22T19:13:52.894+0000] {manager.py:879} INFO - 
================================================================================
DAG File Processing Stats

File Path                                   PID    Runtime      # DAGs    # Errors  Last Runtime    Last Run
------------------------------------------  -----  ---------  --------  ----------  --------------  -------------------
/opt/airflow/dags/sample_data_pipeline.py                            1           0  0.19s           2025-06-22T19:13:28
/opt/airflow/dags/polygon_data_pipeline.py                           1           0  0.20s           2025-06-22T19:13:28
================================================================================
[2025-06-22T19:14:23.404+0000] {manager.py:879} INFO - 
================================================================================
DAG File Processing Stats

File Path                                   PID    Runtime      # DAGs    # Errors  Last Runtime    Last Run
------------------------------------------  -----  ---------  --------  ----------  --------------  -------------------
/opt/airflow/dags/sample_data_pipeline.py                            1           0  0.19s           2025-06-22T19:13:59
/opt/airflow/dags/polygon_data_pipeline.py                           1           0  0.19s           2025-06-22T19:13:59
================================================================================
[2025-06-22T19:14:53.952+0000] {manager.py:879} INFO - 
================================================================================
DAG File Processing Stats

File Path                                   PID    Runtime      # DAGs    # Errors  Last Runtime    Last Run
------------------------------------------  -----  ---------  --------  ----------  --------------  -------------------
/opt/airflow/dags/sample_data_pipeline.py                            1           0  0.18s           2025-06-22T19:14:29
/opt/airflow/dags/polygon_data_pipeline.py                           1           0  0.20s           2025-06-22T19:14:29
================================================================================
[2025-06-22T19:15:24.454+0000] {manager.py:879} INFO - 
================================================================================
DAG File Processing Stats

File Path                                   PID    Runtime      # DAGs    # Errors  Last Runtime    Last Run
------------------------------------------  -----  ---------  --------  ----------  --------------  -------------------
/opt/airflow/dags/sample_data_pipeline.py                            1           0  0.18s           2025-06-22T19:15:00
/opt/airflow/dags/polygon_data_pipeline.py                           1           0  0.19s           2025-06-22T19:15:00
================================================================================
[2025-06-22T19:15:54.734+0000] {manager.py:879} INFO - 
================================================================================
DAG File Processing Stats

File Path                                   PID    Runtime      # DAGs    # Errors  Last Runtime    Last Run
------------------------------------------  -----  ---------  --------  ----------  --------------  -------------------
/opt/airflow/dags/sample_data_pipeline.py                            1           0  0.19s           2025-06-22T19:15:30
/opt/airflow/dags/polygon_data_pipeline.py                           1           0  0.20s           2025-06-22T19:15:30
================================================================================
[2025-06-22T19:16:25.025+0000] {manager.py:879} INFO - 
================================================================================
DAG File Processing Stats

File Path                                   PID    Runtime      # DAGs    # Errors  Last Runtime    Last Run
------------------------------------------  -----  ---------  --------  ----------  --------------  -------------------
/opt/airflow/dags/sample_data_pipeline.py                            1           0  0.18s           2025-06-22T19:16:00
/opt/airflow/dags/polygon_data_pipeline.py                           1           0  0.18s           2025-06-22T19:16:00
================================================================================
[2025-06-22T19:16:55.459+0000] {manager.py:879} INFO - 
================================================================================
DAG File Processing Stats

File Path                                   PID    Runtime      # DAGs    # Errors  Last Runtime    Last Run
------------------------------------------  -----  ---------  --------  ----------  --------------  -------------------
/opt/airflow/dags/sample_data_pipeline.py                            1           0  0.18s           2025-06-22T19:16:31
/opt/airflow/dags/polygon_data_pipeline.py                           1           0  0.19s           2025-06-22T19:16:31
================================================================================
[2025-06-22T19:16:57.478+0000] {manager.py:738} INFO - Searching for files in /opt/airflow/dags
[2025-06-22T19:16:57.483+0000] {manager.py:741} INFO - There are 2 files in /opt/airflow/dags
[2025-06-22T19:17:25.818+0000] {manager.py:879} INFO - 
================================================================================
DAG File Processing Stats

File Path                                   PID    Runtime      # DAGs    # Errors  Last Runtime    Last Run
------------------------------------------  -----  ---------  --------  ----------  --------------  -------------------
/opt/airflow/dags/sample_data_pipeline.py                            1           0  0.19s           2025-06-22T19:17:01
/opt/airflow/dags/polygon_data_pipeline.py                           1           0  0.20s           2025-06-22T19:17:01
================================================================================
[2025-06-22T19:17:56.363+0000] {manager.py:879} INFO - 
================================================================================
DAG File Processing Stats

File Path                                   PID    Runtime      # DAGs    # Errors  Last Runtime    Last Run
------------------------------------------  -----  ---------  --------  ----------  --------------  -------------------
/opt/airflow/dags/sample_data_pipeline.py                            1           0  0.18s           2025-06-22T19:17:32
/opt/airflow/dags/polygon_data_pipeline.py                           1           0  0.19s           2025-06-22T19:17:32
================================================================================
[2025-06-22T19:18:26.932+0000] {manager.py:879} INFO - 
================================================================================
DAG File Processing Stats

File Path                                   PID    Runtime      # DAGs    # Errors  Last Runtime    Last Run
------------------------------------------  -----  ---------  --------  ----------  --------------  -------------------
/opt/airflow/dags/sample_data_pipeline.py                            1           0  0.20s           2025-06-22T19:18:02
/opt/airflow/dags/polygon_data_pipeline.py                           1           0  0.20s           2025-06-22T19:18:02
================================================================================
[2025-06-22T19:18:57.226+0000] {manager.py:879} INFO - 
================================================================================
DAG File Processing Stats

File Path                                   PID    Runtime      # DAGs    # Errors  Last Runtime    Last Run
------------------------------------------  -----  ---------  --------  ----------  --------------  -------------------
/opt/airflow/dags/sample_data_pipeline.py                            1           0  0.19s           2025-06-22T19:18:33
/opt/airflow/dags/polygon_data_pipeline.py                           1           0  0.20s           2025-06-22T19:18:33
================================================================================
[2025-06-22T19:19:27.730+0000] {manager.py:879} INFO - 
================================================================================
DAG File Processing Stats

File Path                                   PID    Runtime      # DAGs    # Errors  Last Runtime    Last Run
------------------------------------------  -----  ---------  --------  ----------  --------------  -------------------
/opt/airflow/dags/sample_data_pipeline.py                            1           0  0.20s           2025-06-22T19:19:03
/opt/airflow/dags/polygon_data_pipeline.py                           1           0  0.20s           2025-06-22T19:19:03
================================================================================
[2025-06-22T19:19:58.080+0000] {manager.py:879} INFO - 
================================================================================
DAG File Processing Stats

File Path                                   PID    Runtime      # DAGs    # Errors  Last Runtime    Last Run
------------------------------------------  -----  ---------  --------  ----------  --------------  -------------------
/opt/airflow/dags/sample_data_pipeline.py                            1           0  0.28s           2025-06-22T19:19:34
/opt/airflow/dags/polygon_data_pipeline.py                           1           0  0.29s           2025-06-22T19:19:34
================================================================================
[2025-06-22T19:20:28.558+0000] {manager.py:879} INFO - 
================================================================================
DAG File Processing Stats

File Path                                   PID    Runtime      # DAGs    # Errors  Last Runtime    Last Run
------------------------------------------  -----  ---------  --------  ----------  --------------  -------------------
/opt/airflow/dags/sample_data_pipeline.py                            1           0  0.18s           2025-06-22T19:20:04
/opt/airflow/dags/polygon_data_pipeline.py                           1           0  0.18s           2025-06-22T19:20:04
================================================================================
[2025-06-22T19:20:58.872+0000] {manager.py:879} INFO - 
================================================================================
DAG File Processing Stats

File Path                                   PID    Runtime      # DAGs    # Errors  Last Runtime    Last Run
------------------------------------------  -----  ---------  --------  ----------  --------------  -------------------
/opt/airflow/dags/sample_data_pipeline.py                            1           0  0.29s           2025-06-22T19:20:34
/opt/airflow/dags/polygon_data_pipeline.py                           1           0  0.29s           2025-06-22T19:20:34
================================================================================
[2025-06-22T19:21:29.199+0000] {manager.py:879} INFO - 
================================================================================
DAG File Processing Stats

File Path                                   PID    Runtime      # DAGs    # Errors  Last Runtime    Last Run
------------------------------------------  -----  ---------  --------  ----------  --------------  -------------------
/opt/airflow/dags/sample_data_pipeline.py                            1           0  0.19s           2025-06-22T19:21:05
/opt/airflow/dags/polygon_data_pipeline.py                           1           0  0.19s           2025-06-22T19:21:05
================================================================================
[2025-06-22T19:21:57.621+0000] {manager.py:738} INFO - Searching for files in /opt/airflow/dags
[2025-06-22T19:21:57.628+0000] {manager.py:741} INFO - There are 2 files in /opt/airflow/dags
[2025-06-22T19:21:59.663+0000] {manager.py:879} INFO - 
================================================================================
DAG File Processing Stats

File Path                                   PID    Runtime      # DAGs    # Errors  Last Runtime    Last Run
------------------------------------------  -----  ---------  --------  ----------  --------------  -------------------
/opt/airflow/dags/sample_data_pipeline.py                            1           0  0.18s           2025-06-22T19:21:35
/opt/airflow/dags/polygon_data_pipeline.py                           1           0  0.19s           2025-06-22T19:21:35
================================================================================
[2025-06-22T19:22:30.020+0000] {manager.py:879} INFO - 
================================================================================
DAG File Processing Stats

File Path                                   PID    Runtime      # DAGs    # Errors  Last Runtime    Last Run
------------------------------------------  -----  ---------  --------  ----------  --------------  -------------------
/opt/airflow/dags/sample_data_pipeline.py                            1           0  0.28s           2025-06-22T19:22:06
/opt/airflow/dags/polygon_data_pipeline.py                           1           0  0.29s           2025-06-22T19:22:06
================================================================================
[2025-06-22T19:23:00.512+0000] {manager.py:879} INFO - 
================================================================================
DAG File Processing Stats

File Path                                   PID    Runtime      # DAGs    # Errors  Last Runtime    Last Run
------------------------------------------  -----  ---------  --------  ----------  --------------  -------------------
/opt/airflow/dags/sample_data_pipeline.py                            1           0  0.29s           2025-06-22T19:22:36
/opt/airflow/dags/polygon_data_pipeline.py                           1           0  0.30s           2025-06-22T19:22:36
================================================================================
[2025-06-22T19:23:30.932+0000] {manager.py:879} INFO - 
================================================================================
DAG File Processing Stats

File Path                                   PID    Runtime      # DAGs    # Errors  Last Runtime    Last Run
------------------------------------------  -----  ---------  --------  ----------  --------------  -------------------
/opt/airflow/dags/sample_data_pipeline.py                            1           0  0.28s           2025-06-22T19:23:06
/opt/airflow/dags/polygon_data_pipeline.py                           1           0  0.29s           2025-06-22T19:23:06
================================================================================
[2025-06-22T19:24:01.388+0000] {manager.py:879} INFO - 
================================================================================
DAG File Processing Stats

File Path                                   PID    Runtime      # DAGs    # Errors  Last Runtime    Last Run
------------------------------------------  -----  ---------  --------  ----------  --------------  -------------------
/opt/airflow/dags/sample_data_pipeline.py                            1           0  0.28s           2025-06-22T19:23:37
/opt/airflow/dags/polygon_data_pipeline.py                           1           0  0.29s           2025-06-22T19:23:37
================================================================================
