[2025-06-22T18:55:58.205+0000] {taskinstance.py:1957} INFO - Dependencies all met for dep_context=non-requeueable deps ti=<TaskInstance: polygon_data_pipeline.fetch_previous_close manual__2025-06-22T18:55:56.259060+00:00 [queued]>
[2025-06-22T18:55:58.210+0000] {taskinstance.py:1957} INFO - Dependencies all met for dep_context=requeueable deps ti=<TaskInstance: polygon_data_pipeline.fetch_previous_close manual__2025-06-22T18:55:56.259060+00:00 [queued]>
[2025-06-22T18:55:58.211+0000] {taskinstance.py:2171} INFO - Starting attempt 1 of 3
[2025-06-22T18:55:58.217+0000] {taskinstance.py:2192} INFO - Executing <Task(PythonOperator): fetch_previous_close> on 2025-06-22 18:55:56.259060+00:00
[2025-06-22T18:55:58.219+0000] {standard_task_runner.py:60} INFO - Started process 627 to run task
[2025-06-22T18:55:58.222+0000] {standard_task_runner.py:87} INFO - Running: ['***', 'tasks', 'run', 'polygon_data_pipeline', 'fetch_previous_close', 'manual__2025-06-22T18:55:56.259060+00:00', '--job-id', '23', '--raw', '--subdir', 'DAGS_FOLDER/polygon_data_pipeline.py', '--cfg-path', '/tmp/tmp49dea8jz']
[2025-06-22T18:55:58.223+0000] {standard_task_runner.py:88} INFO - Job 23: Subtask fetch_previous_close
[2025-06-22T18:55:58.253+0000] {task_command.py:423} INFO - Running <TaskInstance: polygon_data_pipeline.fetch_previous_close manual__2025-06-22T18:55:56.259060+00:00 [running]> on host d592ca41c3d5
[2025-06-22T18:55:58.295+0000] {taskinstance.py:2481} INFO - Exporting env vars: AIRFLOW_CTX_DAG_OWNER='quant-team' AIRFLOW_CTX_DAG_ID='polygon_data_pipeline' AIRFLOW_CTX_TASK_ID='fetch_previous_close' AIRFLOW_CTX_EXECUTION_DATE='2025-06-22T18:55:56.259060+00:00' AIRFLOW_CTX_TRY_NUMBER='1' AIRFLOW_CTX_DAG_RUN_ID='manual__2025-06-22T18:55:56.259060+00:00'
[2025-06-22T18:55:58.531+0000] {polygon_data_pipeline.py:198} INFO - Fetched previous close for AAPL: $201
[2025-06-22T18:55:58.649+0000] {polygon_data_pipeline.py:198} INFO - Fetched previous close for GOOGL: $166.64
[2025-06-22T18:55:58.769+0000] {polygon_data_pipeline.py:198} INFO - Fetched previous close for MSFT: $477.4
[2025-06-22T18:55:58.883+0000] {polygon_data_pipeline.py:198} INFO - Fetched previous close for TSLA: $322.16
[2025-06-22T18:55:59.003+0000] {polygon_data_pipeline.py:198} INFO - Fetched previous close for AMZN: $209.69
[2025-06-22T18:55:59.113+0000] {polygon_data_pipeline.py:198} INFO - Fetched previous close for NVDA: $143.85
[2025-06-22T18:55:59.230+0000] {polygon_data_pipeline.py:198} INFO - Fetched previous close for META: $682.35
[2025-06-22T18:55:59.344+0000] {polygon_data_pipeline.py:198} INFO - Fetched previous close for SPY: $594.28
[2025-06-22T18:55:59.357+0000] {polygon_data_pipeline.py:240} INFO - Stored/updated 8 previous close records
[2025-06-22T18:55:59.358+0000] {python.py:201} INFO - Done. Returned value was: 8
[2025-06-22T18:55:59.371+0000] {taskinstance.py:1138} INFO - Marking task as SUCCESS. dag_id=polygon_data_pipeline, task_id=fetch_previous_close, execution_date=20250622T185556, start_date=20250622T185558, end_date=20250622T185559
[2025-06-22T18:55:59.402+0000] {local_task_job_runner.py:234} INFO - Task exited with return code 0
[2025-06-22T18:55:59.417+0000] {taskinstance.py:3281} INFO - 0 downstream tasks scheduled from follow-on schedule check
